  FansPage.cpp
C:\Users\shale\source\repos\TweetFaceProject2\TweetFaceProject2\FansPage.h(30,27): warning C4267: 'return': conversion from 'size_t' to 'int', possible loss of data
C:\Users\shale\source\repos\TweetFaceProject2\TweetFaceProject2\FansPage.h(31,31): warning C4267: 'return': conversion from 'size_t' to 'int', possible loss of data
C:\Users\shale\source\repos\TweetFaceProject2\TweetFaceProject2\Date.h(15,6): warning C4290: C++ exception specification ignored except to indicate a function is not __declspec(nothrow)
C:\Users\shale\source\repos\TweetFaceProject2\TweetFaceProject2\Users.h(34,30): warning C4267: 'return': conversion from 'size_t' to 'int', possible loss of data
C:\Users\shale\source\repos\TweetFaceProject2\TweetFaceProject2\Users.h(35,31): warning C4267: 'return': conversion from 'size_t' to 'int', possible loss of data
  Functions.cpp
C:\Users\shale\source\repos\TweetFaceProject2\TweetFaceProject2\Functions.h(26,63): warning C4290: C++ exception specification ignored except to indicate a function is not __declspec(nothrow)
C:\Users\shale\source\repos\TweetFaceProject2\TweetFaceProject2\Functions.h(28,66): warning C4290: C++ exception specification ignored except to indicate a function is not __declspec(nothrow)
C:\Users\shale\source\repos\TweetFaceProject2\TweetFaceProject2\Functions.h(32,55): warning C4290: C++ exception specification ignored except to indicate a function is not __declspec(nothrow)
C:\Users\shale\source\repos\TweetFaceProject2\TweetFaceProject2\Functions.h(34,56): warning C4290: C++ exception specification ignored except to indicate a function is not __declspec(nothrow)
C:\Users\shale\source\repos\TweetFaceProject2\TweetFaceProject2\Functions.h(36,58): warning C4290: C++ exception specification ignored except to indicate a function is not __declspec(nothrow)
C:\Users\shale\source\repos\TweetFaceProject2\TweetFaceProject2\Functions.h(38,63): warning C4290: C++ exception specification ignored except to indicate a function is not __declspec(nothrow)
C:\Users\shale\source\repos\TweetFaceProject2\TweetFaceProject2\Date.h(15,6): warning C4290: C++ exception specification ignored except to indicate a function is not __declspec(nothrow)
C:\Users\shale\source\repos\TweetFaceProject2\TweetFaceProject2\Users.h(34,30): warning C4267: 'return': conversion from 'size_t' to 'int', possible loss of data
C:\Users\shale\source\repos\TweetFaceProject2\TweetFaceProject2\Users.h(35,31): warning C4267: 'return': conversion from 'size_t' to 'int', possible loss of data
C:\Users\shale\source\repos\TweetFaceProject2\TweetFaceProject2\FansPage.h(30,27): warning C4267: 'return': conversion from 'size_t' to 'int', possible loss of data
C:\Users\shale\source\repos\TweetFaceProject2\TweetFaceProject2\FansPage.h(31,31): warning C4267: 'return': conversion from 'size_t' to 'int', possible loss of data
C:\Users\shale\source\repos\TweetFaceProject2\TweetFaceProject2\TwittFace.h(29,93): warning C4290: C++ exception specification ignored except to indicate a function is not __declspec(nothrow)
C:\Users\shale\source\repos\TweetFaceProject2\TweetFaceProject2\TwittFace.h(30,69): warning C4290: C++ exception specification ignored except to indicate a function is not __declspec(nothrow)
C:\Users\shale\source\repos\TweetFaceProject2\TweetFaceProject2\TwittFace.h(22,28): warning C4267: 'return': conversion from 'size_t' to 'int', possible loss of data
C:\Users\shale\source\repos\TweetFaceProject2\TweetFaceProject2\TwittFace.h(23,31): warning C4267: 'return': conversion from 'size_t' to 'int', possible loss of data
C:\Users\shale\source\repos\TweetFaceProject2\TweetFaceProject2\Functions.cpp(191,63): warning C4290: C++ exception specification ignored except to indicate a function is not __declspec(nothrow)
C:\Users\shale\source\repos\TweetFaceProject2\TweetFaceProject2\Functions.cpp(210,66): warning C4290: C++ exception specification ignored except to indicate a function is not __declspec(nothrow)
C:\Users\shale\source\repos\TweetFaceProject2\TweetFaceProject2\Functions.cpp(252,55): warning C4290: C++ exception specification ignored except to indicate a function is not __declspec(nothrow)
C:\Users\shale\source\repos\TweetFaceProject2\TweetFaceProject2\Functions.cpp(281,56): warning C4290: C++ exception specification ignored except to indicate a function is not __declspec(nothrow)
C:\Users\shale\source\repos\TweetFaceProject2\TweetFaceProject2\Functions.cpp(306,58): warning C4290: C++ exception specification ignored except to indicate a function is not __declspec(nothrow)
C:\Users\shale\source\repos\TweetFaceProject2\TweetFaceProject2\Functions.cpp(330,63): warning C4290: C++ exception specification ignored except to indicate a function is not __declspec(nothrow)
  Main.cpp
C:\Users\shale\source\repos\TweetFaceProject2\TweetFaceProject2\Date.h(15,6): warning C4290: C++ exception specification ignored except to indicate a function is not __declspec(nothrow)
C:\Users\shale\source\repos\TweetFaceProject2\TweetFaceProject2\Users.h(34,30): warning C4267: 'return': conversion from 'size_t' to 'int', possible loss of data
C:\Users\shale\source\repos\TweetFaceProject2\TweetFaceProject2\Users.h(35,31): warning C4267: 'return': conversion from 'size_t' to 'int', possible loss of data
C:\Users\shale\source\repos\TweetFaceProject2\TweetFaceProject2\FansPage.h(30,27): warning C4267: 'return': conversion from 'size_t' to 'int', possible loss of data
C:\Users\shale\source\repos\TweetFaceProject2\TweetFaceProject2\FansPage.h(31,31): warning C4267: 'return': conversion from 'size_t' to 'int', possible loss of data
C:\Users\shale\source\repos\TweetFaceProject2\TweetFaceProject2\TwittFace.h(29,93): warning C4290: C++ exception specification ignored except to indicate a function is not __declspec(nothrow)
C:\Users\shale\source\repos\TweetFaceProject2\TweetFaceProject2\TwittFace.h(30,69): warning C4290: C++ exception specification ignored except to indicate a function is not __declspec(nothrow)
C:\Users\shale\source\repos\TweetFaceProject2\TweetFaceProject2\TwittFace.h(22,28): warning C4267: 'return': conversion from 'size_t' to 'int', possible loss of data
C:\Users\shale\source\repos\TweetFaceProject2\TweetFaceProject2\TwittFace.h(23,31): warning C4267: 'return': conversion from 'size_t' to 'int', possible loss of data
C:\Users\shale\source\repos\TweetFaceProject2\TweetFaceProject2\Functions.h(26,63): warning C4290: C++ exception specification ignored except to indicate a function is not __declspec(nothrow)
C:\Users\shale\source\repos\TweetFaceProject2\TweetFaceProject2\Functions.h(28,66): warning C4290: C++ exception specification ignored except to indicate a function is not __declspec(nothrow)
C:\Users\shale\source\repos\TweetFaceProject2\TweetFaceProject2\Functions.h(32,55): warning C4290: C++ exception specification ignored except to indicate a function is not __declspec(nothrow)
C:\Users\shale\source\repos\TweetFaceProject2\TweetFaceProject2\Functions.h(34,56): warning C4290: C++ exception specification ignored except to indicate a function is not __declspec(nothrow)
C:\Users\shale\source\repos\TweetFaceProject2\TweetFaceProject2\Functions.h(36,58): warning C4290: C++ exception specification ignored except to indicate a function is not __declspec(nothrow)
C:\Users\shale\source\repos\TweetFaceProject2\TweetFaceProject2\Functions.h(38,63): warning C4290: C++ exception specification ignored except to indicate a function is not __declspec(nothrow)
  TwittFace.cpp
C:\Users\shale\source\repos\TweetFaceProject2\TweetFaceProject2\Date.h(15,6): warning C4290: C++ exception specification ignored except to indicate a function is not __declspec(nothrow)
C:\Users\shale\source\repos\TweetFaceProject2\TweetFaceProject2\Users.h(34,30): warning C4267: 'return': conversion from 'size_t' to 'int', possible loss of data
C:\Users\shale\source\repos\TweetFaceProject2\TweetFaceProject2\Users.h(35,31): warning C4267: 'return': conversion from 'size_t' to 'int', possible loss of data
C:\Users\shale\source\repos\TweetFaceProject2\TweetFaceProject2\FansPage.h(30,27): warning C4267: 'return': conversion from 'size_t' to 'int', possible loss of data
C:\Users\shale\source\repos\TweetFaceProject2\TweetFaceProject2\FansPage.h(31,31): warning C4267: 'return': conversion from 'size_t' to 'int', possible loss of data
C:\Users\shale\source\repos\TweetFaceProject2\TweetFaceProject2\TwittFace.h(29,93): warning C4290: C++ exception specification ignored except to indicate a function is not __declspec(nothrow)
C:\Users\shale\source\repos\TweetFaceProject2\TweetFaceProject2\TwittFace.h(30,69): warning C4290: C++ exception specification ignored except to indicate a function is not __declspec(nothrow)
C:\Users\shale\source\repos\TweetFaceProject2\TweetFaceProject2\TwittFace.h(22,28): warning C4267: 'return': conversion from 'size_t' to 'int', possible loss of data
C:\Users\shale\source\repos\TweetFaceProject2\TweetFaceProject2\TwittFace.h(23,31): warning C4267: 'return': conversion from 'size_t' to 'int', possible loss of data
C:\Users\shale\source\repos\TweetFaceProject2\TweetFaceProject2\TwittFace.cpp(29,68): warning C4290: C++ exception specification ignored except to indicate a function is not __declspec(nothrow)
C:\Users\shale\source\repos\TweetFaceProject2\TweetFaceProject2\TwittFace.cpp(30,1): warning C5043: 'TwittFace::getUserbyName': exception specification does not match previous declaration
C:\Users\shale\source\repos\TweetFaceProject2\TweetFaceProject2\TwittFace.h(27): message : see declaration of 'TwittFace::getUserbyName'
C:\Users\shale\source\repos\TweetFaceProject2\TweetFaceProject2\TwittFace.cpp(44,77): warning C4290: C++ exception specification ignored except to indicate a function is not __declspec(nothrow)
C:\Users\shale\source\repos\TweetFaceProject2\TweetFaceProject2\TwittFace.cpp(45,1): warning C5043: 'TwittFace::getFanPagebyName': exception specification does not match previous declaration
C:\Users\shale\source\repos\TweetFaceProject2\TweetFaceProject2\TwittFace.h(28): message : see declaration of 'TwittFace::getFanPagebyName'
C:\Users\shale\source\repos\TweetFaceProject2\TweetFaceProject2\TwittFace.cpp(59,98): warning C4290: C++ exception specification ignored except to indicate a function is not __declspec(nothrow)
C:\Users\shale\source\repos\TweetFaceProject2\TweetFaceProject2\TwittFace.cpp(70,74): warning C4290: C++ exception specification ignored except to indicate a function is not __declspec(nothrow)
  Users.cpp
C:\Users\shale\source\repos\TweetFaceProject2\TweetFaceProject2\Date.h(15,6): warning C4290: C++ exception specification ignored except to indicate a function is not __declspec(nothrow)
C:\Users\shale\source\repos\TweetFaceProject2\TweetFaceProject2\Users.h(34,30): warning C4267: 'return': conversion from 'size_t' to 'int', possible loss of data
C:\Users\shale\source\repos\TweetFaceProject2\TweetFaceProject2\Users.h(35,31): warning C4267: 'return': conversion from 'size_t' to 'int', possible loss of data
C:\Users\shale\source\repos\TweetFaceProject2\TweetFaceProject2\FansPage.h(30,27): warning C4267: 'return': conversion from 'size_t' to 'int', possible loss of data
C:\Users\shale\source\repos\TweetFaceProject2\TweetFaceProject2\FansPage.h(31,31): warning C4267: 'return': conversion from 'size_t' to 'int', possible loss of data
C:\Users\shale\source\repos\TweetFaceProject2\TweetFaceProject2\Users.cpp(83,32): warning C4267: 'initializing': conversion from 'size_t' to 'int', possible loss of data
  Generating Code...
  TweetFaceProject2.vcxproj -> C:\Users\shale\source\repos\TweetFaceProject2\TweetFaceProject2\x64\Debug\TweetFaceProject2.exe
